(py310env) aadharsh-venkat@aadharsh-venkat-IdeaPad-Slim-3-15AMN8:~/ns-allinone-3.43/ns-3.43$ bash run_fig9_10.sh
Building simulation...
[0/2] Re-checking globbed directories...
ninja: no work to do.
Finished executing the following commands:
/usr/bin/cmake --build /home/aadharsh-venkat/ns-allinone-3.43/ns-3.43/cmake-cache -j 7 --target scratch_sim-1
Build successful.
[STARTING] Density=1e-4 | Run=0 (Running in background...)
[STARTING] Density=1e-4 | Run=1 (Running in background...)
[STARTING] Density=1e-4 | Run=2 (Running in background...)
[STARTING] Density=1e-4 | Run=3 (Running in background...)
[FINISHED] Density=1e-4 Run=3 | NR-U: 5.72005 Mbps 2.09788 ms | WiFi: 6.88346 Mbps 1.74331 ms
[FINISHED] Density=1e-4 Run=2 | NR-U: 4.43898 Mbps 2.70332 ms | WiFi: 7.7689 Mbps 1.54462 ms
[FINISHED] Density=1e-4 Run=0 | NR-U: 5.25034 Mbps 2.28557 ms | WiFi: 7.15727 Mbps 1.67662 ms
Progress: [1/90] complete.
[STARTING] Density=1e-4 | Run=4 (Running in background...)
[FINISHED] Density=1e-4 Run=1 | NR-U: 4.61838 Mbps 2.59832 ms | WiFi: 8.24869 Mbps 1.45478 ms
Progress: [2/90] complete.
Progress: [3/90] complete.
[STARTING] Density=1e-4 | Run=5 (Running in background...)
Progress: [4/90] complete.
[STARTING] Density=1e-4 | Run=6 (Running in background...)
[STARTING] Density=1e-4 | Run=7 (Running in background...)
[FINISHED] Density=1e-4 Run=4 | NR-U: 4.82308 Mbps 2.48804 ms | WiFi: 7.77145 Mbps 1.54411 ms
Progress: [5/90] complete.
[STARTING] Density=1e-4 | Run=8 (Running in background...)
[FINISHED] Density=1e-4 Run=5 | NR-U: 4.04805 Mbps 2.96439 ms | WiFi: 7.36047 Mbps 1.63033 ms
Progress: [6/90] complete.
[STARTING] Density=1e-4 | Run=9 (Running in background...)
[FINISHED] Density=1e-4 Run=6 | NR-U: 4.51677 Mbps 2.65676 ms | WiFi: 7.63238 Mbps 1.57225 ms
Progress: [7/90] complete.
[STARTING] Density=1.5e-4 | Run=0 (Running in background...)
[FINISHED] Density=1e-4 Run=7 | NR-U: 4.65467 Mbps 2.57806 ms | WiFi: 7.34542 Mbps 1.63367 ms
Progress: [8/90] complete.
[STARTING] Density=1.5e-4 | Run=1 (Running in background...)
[FINISHED] Density=1e-4 Run=8 | NR-U: 6.41429 Mbps 1.87082 ms | WiFi: 7.34233 Mbps 1.63436 ms
Progress: [9/90] complete.
[STARTING] Density=1.5e-4 | Run=2 (Running in background...)
[FINISHED] Density=1e-4 Run=9 | NR-U: 5.23202 Mbps 2.29357 ms | WiFi: 7.22718 Mbps 1.6604 ms
Progress: [10/90] complete.
[STARTING] Density=1.5e-4 | Run=3 (Running in background...)
[FINISHED] Density=1.5e-4 Run=0 | NR-U: 4.68502 Mbps 2.56135 ms | WiFi: 6.20188 Mbps 1.9349 ms
Progress: [11/90] complete.
[STARTING] Density=1.5e-4 | Run=4 (Running in background...)
[FINISHED] Density=1.5e-4 Run=1 | NR-U: 4.2073 Mbps 2.85219 ms | WiFi: 5.80986 Mbps 2.06545 ms
Progress: [12/90] complete.
[STARTING] Density=1.5e-4 | Run=5 (Running in background...)
[FINISHED] Density=1.5e-4 Run=2 | NR-U: 4.02229 Mbps 2.98338 ms | WiFi: 6.51548 Mbps 1.84177 ms
Progress: [13/90] complete.
[STARTING] Density=1.5e-4 | Run=6 (Running in background...)
[FINISHED] Density=1.5e-4 Run=3 | NR-U: 4.19833 Mbps 2.85828 ms | WiFi: 7.00665 Mbps 1.71266 ms
Progress: [14/90] complete.
[STARTING] Density=1.5e-4 | Run=7 (Running in background...)
[FINISHED] Density=1.5e-4 Run=4 | NR-U: 4.21322 Mbps 2.84818 ms | WiFi: 6.23331 Mbps 1.92514 ms
Progress: [15/90] complete.
[STARTING] Density=1.5e-4 | Run=8 (Running in background...)
[FINISHED] Density=1.5e-4 Run=5 | NR-U: 3.67533 Mbps 3.26502 ms | WiFi: 6.72221 Mbps 1.78513 ms
Progress: [16/90] complete.
[STARTING] Density=1.5e-4 | Run=9 (Running in background...)
[FINISHED] Density=1.5e-4 Run=6 | NR-U: 4.58676 Mbps 2.61622 ms | WiFi: 6.69408 Mbps 1.79263 ms
Progress: [17/90] complete.
[STARTING] Density=2e-4 | Run=0 (Running in background...)
[FINISHED] Density=1.5e-4 Run=7 | NR-U: 3.64162 Mbps 3.29524 ms | WiFi: 6.3817 Mbps 1.88038 ms
Progress: [18/90] complete.
[STARTING] Density=2e-4 | Run=1 (Running in background...)
[FINISHED] Density=1.5e-4 Run=8 | NR-U: 4.99737 Mbps 2.40126 ms | WiFi: 6.52102 Mbps 1.8402 ms
Progress: [19/90] complete.
[STARTING] Density=2e-4 | Run=2 (Running in background...)
[FINISHED] Density=1.5e-4 Run=9 | NR-U: 4.34475 Mbps 2.76195 ms | WiFi: 6.50226 Mbps 1.84551 ms
Progress: [20/90] complete.
[STARTING] Density=2e-4 | Run=3 (Running in background...)
[FINISHED] Density=2e-4 Run=0 | NR-U: 3.77462 Mbps 3.17913 ms | WiFi: 5.25379 Mbps 2.28407 ms
Progress: [21/90] complete.
[STARTING] Density=2e-4 | Run=4 (Running in background...)
[FINISHED] Density=2e-4 Run=1 | NR-U: 3.55985 Mbps 3.37093 ms | WiFi: 5.99907 Mbps 2.00031 ms
Progress: [22/90] complete.
[STARTING] Density=2e-4 | Run=5 (Running in background...)
[FINISHED] Density=2e-4 Run=2 | NR-U: 3.12768 Mbps 3.83671 ms | WiFi: 6.53344 Mbps 1.8367 ms
Progress: [23/90] complete.
[STARTING] Density=2e-4 | Run=6 (Running in background...)
[FINISHED] Density=2e-4 Run=3 | NR-U: 4.09391 Mbps 2.93118 ms | WiFi: 5.08925 Mbps 2.35791 ms
Progress: [24/90] complete.
[STARTING] Density=2e-4 | Run=7 (Running in background...)
[FINISHED] Density=2e-4 Run=4 | NR-U: 3.46248 Mbps 3.46572 ms | WiFi: 5.63505 Mbps 2.12953 ms
Progress: [25/90] complete.
[STARTING] Density=2e-4 | Run=8 (Running in background...)
[FINISHED] Density=2e-4 Run=6 | NR-U: 3.84263 Mbps 3.12286 ms | WiFi: 6.27329 Mbps 1.91287 ms
[FINISHED] Density=2e-4 Run=5 | NR-U: 3.4105 Mbps 3.51855 ms | WiFi: 6.13933 Mbps 1.95461 ms
Progress: [26/90] complete.
[STARTING] Density=2e-4 | Run=9 (Running in background...)
Progress: [27/90] complete.
[STARTING] Density=2.5e-4 | Run=0 (Running in background...)
[FINISHED] Density=2e-4 Run=7 | NR-U: 3.17375 Mbps 3.78102 ms | WiFi: 6.43048 Mbps 1.86611 ms
Progress: [28/90] complete.
[STARTING] Density=2.5e-4 | Run=1 (Running in background...)
[FINISHED] Density=2e-4 Run=8 | NR-U: 4.1169 Mbps 2.91482 ms | WiFi: 6.32603 Mbps 1.89692 ms
Progress: [29/90] complete.
[STARTING] Density=2.5e-4 | Run=2 (Running in background...)
[FINISHED] Density=2e-4 Run=9 | NR-U: 3.52433 Mbps 3.4049 ms | WiFi: 5.68287 Mbps 2.11161 ms
Progress: [30/90] complete.
[STARTING] Density=2.5e-4 | Run=3 (Running in background...)
[FINISHED] Density=2.5e-4 Run=0 | NR-U: 2.97719 Mbps 4.03064 ms | WiFi: 5.91343 Mbps 2.02928 ms
Progress: [31/90] complete.
[STARTING] Density=2.5e-4 | Run=4 (Running in background...)
[FINISHED] Density=2.5e-4 Run=1 | NR-U: 3.16595 Mbps 3.79034 ms | WiFi: 5.3549 Mbps 2.24094 ms
Progress: [32/90] complete.
[STARTING] Density=2.5e-4 | Run=5 (Running in background...)
[FINISHED] Density=2.5e-4 Run=2 | NR-U: 3.09039 Mbps 3.88301 ms | WiFi: 5.30389 Mbps 2.26249 ms
Progress: [33/90] complete.
[STARTING] Density=2.5e-4 | Run=6 (Running in background...)
[FINISHED] Density=2.5e-4 Run=3 | NR-U: 3.65236 Mbps 3.28555 ms | WiFi: 4.42496 Mbps 2.71189 ms
Progress: [34/90] complete.
[STARTING] Density=2.5e-4 | Run=7 (Running in background...)
[FINISHED] Density=2.5e-4 Run=4 | NR-U: 2.95901 Mbps 4.05541 ms | WiFi: 6.54467 Mbps 1.83355 ms
Progress: [35/90] complete.
[STARTING] Density=2.5e-4 | Run=8 (Running in background...)
[FINISHED] Density=2.5e-4 Run=5 | NR-U: 3.30317 Mbps 3.63287 ms | WiFi: 4.79408 Mbps 2.50309 ms
Progress: [36/90] complete.
[STARTING] Density=2.5e-4 | Run=9 (Running in background...)
[FINISHED] Density=2.5e-4 Run=6 | NR-U: 3.26309 Mbps 3.6775 ms | WiFi: 5.56643 Mbps 2.15578 ms
Progress: [37/90] complete.
[STARTING] Density=3e-4 | Run=0 (Running in background...)
[FINISHED] Density=2.5e-4 Run=7 | NR-U: 3.20538 Mbps 3.74371 ms | WiFi: 5.55036 Mbps 2.16202 ms
Progress: [38/90] complete.
[STARTING] Density=3e-4 | Run=1 (Running in background...)
[FINISHED] Density=2.5e-4 Run=8 | NR-U: 3.52343 Mbps 3.40577 ms | WiFi: 5.95275 Mbps 2.01587 ms
Progress: [39/90] complete.
[STARTING] Density=3e-4 | Run=2 (Running in background...)
[FINISHED] Density=2.5e-4 Run=9 | NR-U: 3.03432 Mbps 3.95476 ms | WiFi: 6.04386 Mbps 1.98548 ms
Progress: [40/90] complete.
[STARTING] Density=3e-4 | Run=3 (Running in background...)
[FINISHED] Density=3e-4 Run=0 | NR-U: 3.09157 Mbps 3.88153 ms | WiFi: 4.49263 Mbps 2.67104 ms
Progress: [41/90] complete.
[STARTING] Density=3e-4 | Run=4 (Running in background...)
[FINISHED] Density=3e-4 Run=2 | NR-U: 2.84047 Mbps 4.22465 ms | WiFi: 4.99567 Mbps 2.40208 ms
[FINISHED] Density=3e-4 Run=1 | NR-U: 3.00973 Mbps 3.98707 ms | WiFi: 4.84722 Mbps 2.47565 ms
Progress: [42/90] complete.
Progress: [43/90] complete.
[STARTING] Density=3e-4 | Run=6 (Running in background...)
[STARTING] Density=3e-4 | Run=5 (Running in background...)
[FINISHED] Density=3e-4 Run=3 | NR-U: 2.73745 Mbps 4.38364 ms | WiFi: 5.81363 Mbps 2.06411 ms
Progress: [44/90] complete.
[STARTING] Density=3e-4 | Run=7 (Running in background...)
[FINISHED] Density=3e-4 Run=4 | NR-U: 2.81234 Mbps 4.26691 ms | WiFi: 5.0465 Mbps 2.37788 ms
Progress: [45/90] complete.
[STARTING] Density=3e-4 | Run=8 (Running in background...)
[FINISHED] Density=3e-4 Run=6 | NR-U: 2.94139 Mbps 4.07971 ms | WiFi: 5.10981 Mbps 2.34842 ms
[FINISHED] Density=3e-4 Run=5 | NR-U: 3.12567 Mbps 3.83917 ms | WiFi: 4.18523 Mbps 2.86722 ms
Progress: [46/90] complete.
Progress: [47/90] complete.
[STARTING] Density=3e-4 | Run=9 (Running in background...)
[STARTING] Density=3.5e-4 | Run=0 (Running in background...)
[FINISHED] Density=3e-4 Run=7 | NR-U: 2.73989 Mbps 4.37974 ms | WiFi: 5.54694 Mbps 2.16336 ms
Progress: [48/90] complete.
[STARTING] Density=3.5e-4 | Run=1 (Running in background...)
[FINISHED] Density=3e-4 Run=8 | NR-U: 3.17013 Mbps 3.78533 ms | WiFi: 4.67673 Mbps 2.5659 ms
Progress: [49/90] complete.
[STARTING] Density=3.5e-4 | Run=2 (Running in background...)
[FINISHED] Density=3e-4 Run=9 | NR-U: 2.92196 Mbps 4.10683 ms | WiFi: 5.12858 Mbps 2.33983 ms
Progress: [50/90] complete.
[STARTING] Density=3.5e-4 | Run=3 (Running in background...)
[FINISHED] Density=3.5e-4 Run=0 | NR-U: 2.77153 Mbps 4.32974 ms | WiFi: 4.68268 Mbps 2.56263 ms
Progress: [51/90] complete.
[STARTING] Density=3.5e-4 | Run=4 (Running in background...)
[FINISHED] Density=3.5e-4 Run=1 | NR-U: 2.71909 Mbps 4.41325 ms | WiFi: 4.31441 Mbps 2.78138 ms
Progress: [52/90] complete.
[STARTING] Density=3.5e-4 | Run=5 (Running in background...)
[FINISHED] Density=3.5e-4 Run=2 | NR-U: 2.54115 Mbps 4.72226 ms | WiFi: 4.9549 Mbps 2.42184 ms
Progress: [53/90] complete.
[STARTING] Density=3.5e-4 | Run=6 (Running in background...)
[FINISHED] Density=3.5e-4 Run=3 | NR-U: 2.5439 Mbps 4.71717 ms | WiFi: 5.54632 Mbps 2.1636 ms
Progress: [54/90] complete.
[STARTING] Density=3.5e-4 | Run=7 (Running in background...)
[FINISHED] Density=3.5e-4 Run=4 | NR-U: 2.83182 Mbps 4.23756 ms | WiFi: 3.69454 Mbps 3.24804 ms
Progress: [55/90] complete.
[STARTING] Density=3.5e-4 | Run=8 (Running in background...)
[FINISHED] Density=3.5e-4 Run=5 | NR-U: 2.59806 Mbps 4.61883 ms | WiFi: 4.43251 Mbps 2.70727 ms
Progress: [56/90] complete.
[STARTING] Density=3.5e-4 | Run=9 (Running in background...)
[FINISHED] Density=3.5e-4 Run=6 | NR-U: 2.79632 Mbps 4.29136 ms | WiFi: 4.50297 Mbps 2.66491 ms
Progress: [57/90] complete.
[STARTING] Density=4e-4 | Run=0 (Running in background...)
[FINISHED] Density=3.5e-4 Run=8 | NR-U: 2.80711 Mbps 4.27486 ms | WiFi: 4.30728 Mbps 2.78598 ms
[FINISHED] Density=3.5e-4 Run=7 | NR-U: 2.63837 Mbps 4.54826 ms | WiFi: 4.83771 Mbps 2.48051 ms
Progress: [58/90] complete.
Progress: [59/90] complete.
[STARTING] Density=4e-4 | Run=1 (Running in background...)
[STARTING] Density=4e-4 | Run=2 (Running in background...)
[FINISHED] Density=3.5e-4 Run=9 | NR-U: 2.68961 Mbps 4.46162 ms | WiFi: 4.98804 Mbps 2.40576 ms
Progress: [60/90] complete.
[STARTING] Density=4e-4 | Run=3 (Running in background...)
[FINISHED] Density=4e-4 Run=0 | NR-U: 2.4638 Mbps 4.87053 ms | WiFi: 4.43828 Mbps 2.70375 ms
Progress: [61/90] complete.
[STARTING] Density=4e-4 | Run=4 (Running in background...)
[FINISHED] Density=4e-4 Run=2 | NR-U: 2.38794 Mbps 5.02526 ms | WiFi: 4.43105 Mbps 2.70816 ms
[FINISHED] Density=4e-4 Run=1 | NR-U: 2.39271 Mbps 5.01524 ms | WiFi: 4.03007 Mbps 2.97762 ms
Progress: [62/90] complete.
Progress: [63/90] complete.
[STARTING] Density=4e-4 | Run=5 (Running in background...)
[STARTING] Density=4e-4 | Run=6 (Running in background...)
[FINISHED] Density=4e-4 Run=3 | NR-U: 2.45741 Mbps 4.8832 ms | WiFi: 4.58335 Mbps 2.61817 ms
Progress: [64/90] complete.
[STARTING] Density=4e-4 | Run=7 (Running in background...)
[FINISHED] Density=4e-4 Run=4 | NR-U: 2.38748 Mbps 5.02623 ms | WiFi: 3.93996 Mbps 3.04572 ms
Progress: [65/90] complete.
[STARTING] Density=4e-4 | Run=8 (Running in background...)
[FINISHED] Density=4e-4 Run=6 | NR-U: 2.54674 Mbps 4.7119 ms | WiFi: 4.41393 Mbps 2.71866 ms
[FINISHED] Density=4e-4 Run=5 | NR-U: 2.23746 Mbps 5.36323 ms | WiFi: 4.72372 Mbps 2.54037 ms
Progress: [66/90] complete.
Progress: [67/90] complete.
[STARTING] Density=4e-4 | Run=9 (Running in background...)
[STARTING] Density=4.5e-4 | Run=0 (Running in background...)
[FINISHED] Density=4e-4 Run=8 | NR-U: 2.55973 Mbps 4.68799 ms | WiFi: 4.33674 Mbps 2.76705 ms
[FINISHED] Density=4e-4 Run=7 | NR-U: 2.5198 Mbps 4.76227 ms | WiFi: 3.82755 Mbps 3.13516 ms
Progress: [68/90] complete.
Progress: [69/90] complete.
[STARTING] Density=4.5e-4 | Run=1 (Running in background...)
[STARTING] Density=4.5e-4 | Run=2 (Running in background...)
[FINISHED] Density=4e-4 Run=9 | NR-U: 2.53089 Mbps 4.74141 ms | WiFi: 4.24318 Mbps 2.82806 ms
Progress: [70/90] complete.
[STARTING] Density=4.5e-4 | Run=3 (Running in background...)
[FINISHED] Density=4.5e-4 Run=0 | NR-U: 2.29174 Mbps 5.23621 ms | WiFi: 4.11056 Mbps 2.91931 ms
Progress: [71/90] complete.
[STARTING] Density=4.5e-4 | Run=4 (Running in background...)
[FINISHED] Density=4.5e-4 Run=1 | NR-U: 2.30901 Mbps 5.19704 ms | WiFi: 3.21922 Mbps 3.72761 ms
Progress: [72/90] complete.
[STARTING] Density=4.5e-4 | Run=5 (Running in background...)
[FINISHED] Density=4.5e-4 Run=2 | NR-U: 2.26062 Mbps 5.30828 ms | WiFi: 4.42016 Mbps 2.71484 ms
Progress: [73/90] complete.
[STARTING] Density=4.5e-4 | Run=6 (Running in background...)
[FINISHED] Density=4.5e-4 Run=3 | NR-U: 2.35625 Mbps 5.09284 ms | WiFi: 3.61076 Mbps 3.3234 ms
Progress: [74/90] complete.
[STARTING] Density=4.5e-4 | Run=7 (Running in background...)
[FINISHED] Density=4.5e-4 Run=4 | NR-U: 2.2056 Mbps 5.44069 ms | WiFi: 3.91766 Mbps 3.06306 ms
Progress: [75/90] complete.
[STARTING] Density=4.5e-4 | Run=8 (Running in background...)
[FINISHED] Density=4.5e-4 Run=6 | NR-U: 2.26021 Mbps 5.30925 ms | WiFi: 4.12636 Mbps 2.90813 ms
[FINISHED] Density=4.5e-4 Run=5 | NR-U: 2.08243 Mbps 5.76249 ms | WiFi: 3.99613 Mbps 3.00291 ms
Progress: [76/90] complete.
Progress: [77/90] complete.
[STARTING] Density=4.5e-4 | Run=9 (Running in background...)
[STARTING] Density=5e-4 | Run=0 (Running in background...)
[FINISHED] Density=4.5e-4 Run=7 | NR-U: 2.12972 Mbps 5.63455 ms | WiFi: 4.17333 Mbps 2.8754 ms
Progress: [78/90] complete.
[STARTING] Density=5e-4 | Run=1 (Running in background...)
[FINISHED] Density=4.5e-4 Run=8 | NR-U: 2.38839 Mbps 5.0243 ms | WiFi: 4.14218 Mbps 2.89702 ms
Progress: [79/90] complete.
[STARTING] Density=5e-4 | Run=2 (Running in background...)
[FINISHED] Density=4.5e-4 Run=9 | NR-U: 2.45957 Mbps 4.8789 ms | WiFi: 3.3696 Mbps 3.56125 ms
Progress: [80/90] complete.
[STARTING] Density=5e-4 | Run=3 (Running in background...)
[FINISHED] Density=5e-4 Run=0 | NR-U: 2.23876 Mbps 5.36011 ms | WiFi: 3.39074 Mbps 3.53905 ms
Progress: [81/90] complete.
[STARTING] Density=5e-4 | Run=4 (Running in background...)
[FINISHED] Density=5e-4 Run=1 | NR-U: 2.18133 Mbps 5.50123 ms | WiFi: 3.24326 Mbps 3.69998 ms
Progress: [82/90] complete.
[STARTING] Density=5e-4 | Run=5 (Running in background...)
[FINISHED] Density=5e-4 Run=2 | NR-U: 2.09588 Mbps 5.72552 ms | WiFi: 4.29448 Mbps 2.79428 ms
Progress: [83/90] complete.
[STARTING] Density=5e-4 | Run=6 (Running in background...)
[FINISHED] Density=5e-4 Run=3 | NR-U: 2.21037 Mbps 5.42897 ms | WiFi: 3.12732 Mbps 3.83715 ms
Progress: [84/90] complete.
[STARTING] Density=5e-4 | Run=7 (Running in background...)
[FINISHED] Density=5e-4 Run=4 | NR-U: 2.08354 Mbps 5.75944 ms | WiFi: 3.29501 Mbps 3.64187 ms
Progress: [85/90] complete.
[STARTING] Density=5e-4 | Run=8 (Running in background...)
[FINISHED] Density=5e-4 Run=6 | NR-U: 2.10061 Mbps 5.71262 ms | WiFi: 3.68722 Mbps 3.25449 ms
[FINISHED] Density=5e-4 Run=5 | NR-U: 2.04781 Mbps 5.85992 ms | WiFi: 3.35646 Mbps 3.5752 ms
Progress: [86/90] complete.
Progress: [87/90] complete.
[STARTING] Density=5e-4 | Run=9 (Running in background...)
[FINISHED] Density=5e-4 Run=8 | NR-U: 2.17119 Mbps 5.52692 ms | WiFi: 3.91677 Mbps 3.06375 ms
[FINISHED] Density=5e-4 Run=7 | NR-U: 2.13151 Mbps 5.62981 ms | WiFi: 3.66109 Mbps 3.27771 ms
Progress: [88/90] complete.
Progress: [89/90] complete.
[FINISHED] Density=5e-4 Run=9 | NR-U: 2.16543 Mbps 5.54162 ms | WiFi: 3.40061 Mbps 3.52877 ms
Progress: [90/90] complete.

Done! Results saved to /home/aadharsh-venkat/ns-allinone-3.43/ns-3.43/results_fig_5_6.csv
